<?xml version="1.0" encoding="UTF-8"?>
<!-- Generated by org.testng.reporters.JUnitXMLReporter -->
<testsuite ignored="0" hostname="Abhay-PC" failures="0" tests="6" name="Default test" time="0.059" errors="0" timestamp="2024-03-14T16:36:02 IST">
  <testcase classname="testingbaba_test.TextBox_test" name="@BeforeClass getLaunch_testingbabaUrl" time="-1.710414362716E9">
    <failure type="org.testng.TestNGException" message="
Parameter &amp;apos;environment&amp;apos; is required by BeforeClass on method getLaunch_testingbabaUrl but has not been marked @Optional or defined
in C:\Users\abhay pratap singh\AppData\Local\Temp\testng-eclipse--482978009\testng-customsuite.xml">
      <![CDATA[org.testng.TestNGException: 
Parameter 'environment' is required by BeforeClass on method getLaunch_testingbabaUrl but has not been marked @Optional or defined
in C:\Users\abhay pratap singh\AppData\Local\Temp\testng-eclipse--482978009\testng-customsuite.xml
at org.testng.internal.Parameters.createParams(Parameters.java:270)
at org.testng.internal.Parameters.createParametersForMethod(Parameters.java:358)
at org.testng.internal.Parameters.createParameters(Parameters.java:700)
at org.testng.internal.Parameters.createConfigurationParameters(Parameters.java:168)
at org.testng.internal.ConfigInvoker.invokeConfigurations(ConfigInvoker.java:302)
at org.testng.internal.TestMethodWorker.invokeBeforeClassMethods(TestMethodWorker.java:176)
at org.testng.internal.TestMethodWorker.run(TestMethodWorker.java:122)
at java.base/java.util.ArrayList.forEach(ArrayList.java:1511)
at org.testng.TestRunner.privateRun(TestRunner.java:794)
at org.testng.TestRunner.run(TestRunner.java:596)
at org.testng.SuiteRunner.runTest(SuiteRunner.java:377)
at org.testng.SuiteRunner.runSequentially(SuiteRunner.java:371)
at org.testng.SuiteRunner.privateRun(SuiteRunner.java:332)
at org.testng.SuiteRunner.run(SuiteRunner.java:276)
at org.testng.SuiteRunnerWorker.runSuite(SuiteRunnerWorker.java:53)
at org.testng.SuiteRunnerWorker.run(SuiteRunnerWorker.java:96)
at org.testng.TestNG.runSuitesSequentially(TestNG.java:1212)
at org.testng.TestNG.runSuitesLocally(TestNG.java:1134)
at org.testng.TestNG.runSuites(TestNG.java:1063)
at org.testng.TestNG.run(TestNG.java:1031)
at org.testng.remote.AbstractRemoteTestNG.run(AbstractRemoteTestNG.java:115)
at org.testng.remote.RemoteTestNG.initAndRun(RemoteTestNG.java:251)
at org.testng.remote.RemoteTestNG.main(RemoteTestNG.java:77)
]]>
    </failure>
  </testcase> <!-- @BeforeClass getLaunch_testingbabaUrl -->
  <testcase classname="baselibrary.Base_Library" name="@AfterMethod getResultAnalysis" time="-1.710414362738E9">
    <skipped/>
  </testcase> <!-- @AfterMethod getResultAnalysis -->
  <testcase classname="baselibrary.Base_Library" name="@AfterMethod getResultAnalysis" time="-1.710414362743E9">
    <skipped/>
  </testcase> <!-- @AfterMethod getResultAnalysis -->
  <testcase classname="baselibrary.Base_Library" name="@AfterMethod getResultAnalysis" time="-1.710414362746E9">
    <skipped/>
  </testcase> <!-- @AfterMethod getResultAnalysis -->
  <testcase classname="baselibrary.Base_Library" name="@AfterMethod getResultAnalysis" time="-1.710414362749E9">
    <skipped/>
  </testcase> <!-- @AfterMethod getResultAnalysis -->
  <testcase classname="baselibrary.Base_Library" name="@AfterMethod getResultAnalysis" time="-1.710414362753E9">
    <skipped/>
  </testcase> <!-- @AfterMethod getResultAnalysis -->
  <testcase classname="baselibrary.Base_Library" name="@AfterMethod getResultAnalysis" time="-1.710414362757E9">
    <skipped/>
  </testcase> <!-- @AfterMethod getResultAnalysis -->
  <testcase classname="testingbaba_test.TextBox_test" name="clickonpractice" time="0.0">
    <skipped/>
  </testcase> <!-- clickonpractice -->
  <testcase classname="testingbaba_test.TextBox_test" name="clickonelement" time="0.0">
    <skipped/>
  </testcase> <!-- clickonelement -->
  <testcase classname="testingbaba_test.TextBox_test" name="clickontextbox" time="0.0">
    <skipped/>
  </testcase> <!-- clickontextbox -->
  <testcase classname="testingbaba_test.TextBox_test" name="filldetailstextbox" time="0.0">
    <skipped/>
  </testcase> <!-- filldetailstextbox -->
  <testcase classname="testingbaba_test.TextBox_test" name="getdetails" time="0.0">
    <skipped/>
  </testcase> <!-- getdetails -->
  <testcase classname="testingbaba_test.TextBox_test" name="getverify" time="0.0">
    <skipped/>
  </testcase> <!-- getverify -->
</testsuite> <!-- Default test -->
